#
# A fatal error has been detected by the Java Runtime Environment:
#
#  EXCEPTION_ACCESS_VIOLATION (0xc0000005) at pc=0x0000000068076b80, pid=4852, tid=4532
#
# JRE version: Java(TM) SE Runtime Environment (7.0_60-b19) (build 1.7.0_60-b19)
# Java VM: Java HotSpot(TM) 64-Bit Server VM (24.60-b09 mixed mode windows-amd64 compressed oops)
# Problematic frame:
# V  [jvm.dll+0x416b80]
#
# Failed to write core dump. Minidumps are not enabled by default on client versions of Windows
#
# If you would like to submit a bug report, please visit:
#   http://bugreport.sun.com/bugreport/crash.jsp
#

---------------  T H R E A D  ---------------

Current thread (0x0000000008c0e800):  JavaThread "C2 CompilerThread0" daemon [_thread_in_native, id=4532, stack(0x000000000a450000,0x000000000a550000)]

siginfo: ExceptionCode=0xc0000005, reading address 0xffffffffffffffff

Registers:
RAX=0x0000000000001aee, RBX=0x0000000000000000, RCX=0x0000000000000000, RDX=0x000800000f444dd0
RSP=0x000000000a54bf00, RBP=0x000000000f444e20, RSI=0x0000000000000000, RDI=0x0000000000000000
R8 =0x000000000f444dd0, R9 =0x000000000f4512b0, R10=0x0000000000000885, R11=0x000000000f444e20
R12=0x000000000f440050, R13=0x000000000eae27d0, R14=0x000000000c240040, R15=0x0000000000000018
RIP=0x0000000068076b80, EFLAGS=0x0000000000010246

Top of Stack: (sp=0x000000000a54bf00)
0x000000000a54bf00:   0000000000000118 0000000000000000
0x000000000a54bf10:   0000000000000023 000000000eae27d0
0x000000000a54bf20:   00000000000000f8 000000000eb02630
0x000000000a54bf30:   00000000001ecfb0 000000000eb18410
0x000000000a54bf40:   000000000eae27d0 000000000eb18410
0x000000000a54bf50:   0000000008baa140 0000000068244e78
0x000000000a54bf60:   0000000008baa140 0000000000000400
0x000000000a54bf70:   000000000ed54460 0000000008baa140
0x000000000a54bf80:   000000000f922468 0000000008baa140
0x000000000a54bf90:   0000000000000000 000000000ed1ecc0
0x000000000a54bfa0:   0000000008baa140 000000000a54c3f0
0x000000000a54bfb0:   0000000000000000 000000000a54c0d0
0x000000000a54bfc0:   000000000a54c410 00000000680b4f04
0x000000000a54bfd0:   000000000a54c3f0 0000000000000c20
0x000000000a54bfe0:   000000000f440050 000000000f444e20
0x000000000a54bff0:   000000000ed1ed10 000000000ed26ca8 

Instructions: (pc=0x0000000068076b80)
0x0000000068076b60:   50 18 49 8b 41 20 49 89 40 20 49 8b 40 20 49 8b
0x0000000068076b70:   48 18 48 8b 50 18 8b 41 08 39 42 08 48 0f 43 d1
0x0000000068076b80:   8b 42 08 3b 45 08 73 03 89 45 08 ff c7 48 83 c3
0x0000000068076b90:   08 41 3b 7e 18 0f 82 55 ff ff ff 8b 45 08 4d 8b 


Register to memory mapping:

RAX=0x0000000000001aee is an unknown value
RBX=0x0000000000000000 is an unknown value
RCX=0x0000000000000000 is an unknown value
RDX=0x000800000f444dd0 is an unknown value
RSP=0x000000000a54bf00 is pointing into the stack for thread: 0x0000000008c0e800
RBP=0x000000000f444e20 is an unknown value
RSI=0x0000000000000000 is an unknown value
RDI=0x0000000000000000 is an unknown value
R8 =0x000000000f444dd0 is an unknown value
R9 =0x000000000f4512b0 is an unknown value
R10=0x0000000000000885 is an unknown value
R11=0x000000000f444e20 is an unknown value
R12=0x000000000f440050 is an unknown value
R13=0x000000000eae27d0 is an unknown value
R14=0x000000000c240040 is an unknown value
R15=0x0000000000000018 is an unknown value


Stack: [0x000000000a450000,0x000000000a550000],  sp=0x000000000a54bf00,  free space=1007k
Native frames: (J=compiled Java code, j=interpreted, Vv=VM code, C=native code)
V  [jvm.dll+0x416b80]


Current CompileTask:
C2: 284468 1106             org.codehaus.groovy.runtime.callsite.CallSiteGenerator::writeMethod (655 bytes)


---------------  P R O C E S S  ---------------

Java Threads: ( => current thread )
  0x000000000db16000 JavaThread "stdout" [_thread_in_native, id=4700, stack(0x00000000107d0000,0x00000000108d0000)]
  0x000000000e0df800 JavaThread "stderr" [_thread_in_native, id=4592, stack(0x000000000e2f0000,0x000000000e3f0000)]
  0x000000000ed76800 JavaThread "Stdin handler" [_thread_blocked, id=5100, stack(0x000000000d000000,0x000000000d100000)]
  0x000000000b2d4800 JavaThread "Handler for socket connection at /127.0.0.1:49495 with /127.0.0.1:49740" [_thread_in_native, id=5116, stack(0x000000000cdb0000,0x000000000ceb0000)]
  0x000000000b30f000 JavaThread "Daemon Thread 2" [_thread_blocked, id=4164, stack(0x000000000cee0000,0x000000000cfe0000)]
  0x000000000bc2f000 JavaThread "File lock request listener" [_thread_in_native, id=4432, stack(0x000000000e1d0000,0x000000000e2d0000)]
  0x000000000b2d7800 JavaThread "Incoming local TCP Connector on port 49495" [_thread_in_native, id=3456, stack(0x000000000cc30000,0x000000000cd30000)]
  0x0000000008c18000 JavaThread "Service Thread" daemon [_thread_blocked, id=2168, stack(0x000000000a1f0000,0x000000000a2f0000)]
  0x0000000008c14000 JavaThread "C2 CompilerThread1" daemon [_thread_in_native, id=2392, stack(0x000000000a660000,0x000000000a760000)]
=>0x0000000008c0e800 JavaThread "C2 CompilerThread0" daemon [_thread_in_native, id=4532, stack(0x000000000a450000,0x000000000a550000)]
  0x0000000008c0d800 JavaThread "Attach Listener" daemon [_thread_blocked, id=760, stack(0x0000000009c20000,0x0000000009d20000)]
  0x0000000008c06000 JavaThread "Signal Dispatcher" daemon [_thread_blocked, id=2432, stack(0x000000000a320000,0x000000000a420000)]
  0x0000000008bb6000 JavaThread "Finalizer" daemon [_thread_blocked, id=3144, stack(0x000000000a0d0000,0x000000000a1d0000)]
  0x0000000008baf000 JavaThread "Reference Handler" daemon [_thread_blocked, id=5076, stack(0x0000000009f00000,0x000000000a000000)]
  0x000000000233d800 JavaThread "main" [_thread_blocked, id=3752, stack(0x00000000025d0000,0x00000000026d0000)]

Other Threads:
  0x0000000008ba7000 VMThread [stack: 0x0000000009d90000,0x0000000009e90000] [id=4596]
  0x0000000008c2c800 WatcherThread [stack: 0x000000000a810000,0x000000000a910000] [id=748]

VM state:not at safepoint (normal execution)

VM Mutex/Monitor currently owned by a thread: None

Heap
 PSYoungGen      total 239616K, used 179790K [0x00000000eaa80000, 0x00000000fc480000, 0x0000000100000000)
  eden space 218624K, 72% used [0x00000000eaa80000,0x00000000f45b0e40,0x00000000f8000000)
  from space 20992K, 99% used [0x00000000fa300000,0x00000000fb762ad0,0x00000000fb780000)
  to   space 13312K, 0% used [0x00000000fb780000,0x00000000fb780000,0x00000000fc480000)
 ParOldGen       total 79872K, used 37479K [0x00000000c0000000, 0x00000000c4e00000, 0x00000000eaa80000)
  object space 79872K, 46% used [0x00000000c0000000,0x00000000c2499c20,0x00000000c4e00000)
 PSPermGen       total 74240K, used 51082K [0x00000000b0000000, 0x00000000b4880000, 0x00000000c0000000)
  object space 74240K, 68% used [0x00000000b0000000,0x00000000b31e2bb0,0x00000000b4880000)

Card table byte_map: [0x00000000056d0000,0x0000000005960000] byte_map_base: 0x0000000005150000

Polling page: 0x0000000000230000

Code Cache  [0x00000000026d0000, 0x0000000002b90000, 0x00000000056d0000)
 total_blobs=1635 nmethods=1024 adapters=563 free_code_cache=44559Kb largest_free_block=45353280

Compilation events (10 events):
Event: 284.287 Thread 0x0000000008c0e800 nmethod 1101 0x0000000002b8b650 code [0x0000000002b8b920, 0x0000000002b8d890]
Event: 284.287 Thread 0x0000000008c0e800 1102             java.nio.Buffer::position (5 bytes)
Event: 284.287 Thread 0x0000000008c0e800 nmethod 1102 0x0000000002b86390 code [0x0000000002b864c0, 0x0000000002b86518]
Event: 284.287 Thread 0x0000000008c0e800 1103             com.sun.org.apache.xerces.internal.util.ParserConfigurationSettings::addRecognizedFeatures (56 bytes)
Event: 284.299 Thread 0x0000000008c0e800 nmethod 1103 0x00000000029405d0 code [0x0000000002940780, 0x0000000002941148]
Event: 284.299 Thread 0x0000000008c0e800 1104   !         org.gradle.listener.BroadcastDispatch::dispatch (147 bytes)
Event: 284.308 Thread 0x0000000008c0e800 nmethod 1104 0x000000000293f490 code [0x000000000293f660, 0x000000000293fd68]
Event: 284.308 Thread 0x0000000008c0e800 1105             java.util.LinkedHashMap::transfer (88 bytes)
Event: 284.310 Thread 0x0000000008c0e800 nmethod 1105 0x000000000292f390 code [0x000000000292f4e0, 0x000000000292f708]
Event: 284.310 Thread 0x0000000008c0e800 1106             org.codehaus.groovy.runtime.callsite.CallSiteGenerator::writeMethod (655 bytes)

GC Heap History (10 events):
Event: 5.324 GC heap before
{Heap before GC invocations=7 (full 0):
 PSYoungGen      total 144384K, used 143698K [0x00000000eaa80000, 0x00000000f4880000, 0x0000000100000000)
  eden space 133120K, 100% used [0x00000000eaa80000,0x00000000f2c80000,0x00000000f2c80000)
  from space 11264K, 93% used [0x00000000f3980000,0x00000000f43d48f8,0x00000000f4480000)
  to   space 13312K, 0% used [0x00000000f2c80000,0x00000000f2c80000,0x00000000f3980000)
 ParOldGen       total 43008K, used 17822K [0x00000000c0000000, 0x00000000c2a00000, 0x00000000eaa80000)
  object space 43008K, 41% used [0x00000000c0000000,0x00000000c1167bf0,0x00000000c2a00000)
 PSPermGen       total 30720K, used 30250K [0x00000000b0000000, 0x00000000b1e00000, 0x00000000c0000000)
  object space 30720K, 98% used [0x00000000b0000000,0x00000000b1d8a8b0,0x00000000b1e00000)
Event: 5.353 GC heap after
Heap after GC invocations=7 (full 0):
 PSYoungGen      total 146432K, used 13312K [0x00000000eaa80000, 0x00000000fd980000, 0x0000000100000000)
  eden space 133120K, 0% used [0x00000000eaa80000,0x00000000eaa80000,0x00000000f2c80000)
  from space 13312K, 100% used [0x00000000f2c80000,0x00000000f3980000,0x00000000f3980000)
  to   space 22016K, 0% used [0x00000000fc400000,0x00000000fc400000,0x00000000fd980000)
 ParOldGen       total 43008K, used 30761K [0x00000000c0000000, 0x00000000c2a00000, 0x00000000eaa80000)
  object space 43008K, 71% used [0x00000000c0000000,0x00000000c1e0a530,0x00000000c2a00000)
 PSPermGen       total 30720K, used 30250K [0x00000000b0000000, 0x00000000b1e00000, 0x00000000c0000000)
  object space 30720K, 98% used [0x00000000b0000000,0x00000000b1d8a8b0,0x00000000b1e00000)
}
Event: 5.353 GC heap before
{Heap before GC invocations=8 (full 1):
 PSYoungGen      total 146432K, used 13312K [0x00000000eaa80000, 0x00000000fd980000, 0x0000000100000000)
  eden space 133120K, 0% used [0x00000000eaa80000,0x00000000eaa80000,0x00000000f2c80000)
  from space 13312K, 100% used [0x00000000f2c80000,0x00000000f3980000,0x00000000f3980000)
  to   space 22016K, 0% used [0x00000000fc400000,0x00000000fc400000,0x00000000fd980000)
 ParOldGen       total 43008K, used 30761K [0x00000000c0000000, 0x00000000c2a00000, 0x00000000eaa80000)
  object space 43008K, 71% used [0x00000000c0000000,0x00000000c1e0a530,0x00000000c2a00000)
 PSPermGen       total 30720K, used 30250K [0x00000000b0000000, 0x00000000b1e00000, 0x00000000c0000000)
  object space 30720K, 98% used [0x00000000b0000000,0x00000000b1d8a8b0,0x00000000b1e00000)
Event: 5.560 GC heap after
Heap after GC invocations=8 (full 1):
 PSYoungGen      total 146432K, used 0K [0x00000000eaa80000, 0x00000000fd980000, 0x0000000100000000)
  eden space 133120K, 0% used [0x00000000eaa80000,0x00000000eaa80000,0x00000000f2c80000)
  from space 13312K, 0% used [0x00000000f2c80000,0x00000000f2c80000,0x00000000f3980000)
  to   space 22016K, 0% used [0x00000000fc400000,0x00000000fc400000,0x00000000fd980000)
 ParOldGen       total 79872K, used 38326K [0x00000000c0000000, 0x00000000c4e00000, 0x00000000eaa80000)
  object space 79872K, 47% used [0x00000000c0000000,0x00000000c256d918,0x00000000c4e00000)
 PSPermGen       total 60928K, used 30234K [0x00000000b0000000, 0x00000000b3b80000, 0x00000000c0000000)
  object space 60928K, 49% used [0x00000000b0000000,0x00000000b1d86a08,0x00000000b3b80000)
}
Event: 7.222 GC heap before
{Heap before GC invocations=9 (full 1):
 PSYoungGen      total 146432K, used 70754K [0x00000000eaa80000, 0x00000000fd980000, 0x0000000100000000)
  eden space 133120K, 53% used [0x00000000eaa80000,0x00000000eef98808,0x00000000f2c80000)
  from space 13312K, 0% used [0x00000000f2c80000,0x00000000f2c80000,0x00000000f3980000)
  to   space 22016K, 0% used [0x00000000fc400000,0x00000000fc400000,0x00000000fd980000)
 ParOldGen       total 79872K, used 38326K [0x00000000c0000000, 0x00000000c4e00000, 0x00000000eaa80000)
  object space 79872K, 47% used [0x00000000c0000000,0x00000000c256d918,0x00000000c4e00000)
 PSPermGen       total 60928K, used 37857K [0x00000000b0000000, 0x00000000b3b80000, 0x00000000c0000000)
  object space 60928K, 62% used [0x00000000b0000000,0x00000000b24f8530,0x00000000b3b80000)
Event: 7.236 GC heap after
Heap after GC invocations=9 (full 1):
 PSYoungGen      total 182784K, used 8026K [0x00000000eaa80000, 0x00000000fcc00000, 0x0000000100000000)
  eden space 174592K, 0% used [0x00000000eaa80000,0x00000000eaa80000,0x00000000f5500000)
  from space 8192K, 97% used [0x00000000fc400000,0x00000000fcbd6870,0x00000000fcc00000)
  to   space 20992K, 0% used [0x00000000fa300000,0x00000000fa300000,0x00000000fb780000)
 ParOldGen       total 79872K, used 38334K [0x00000000c0000000, 0x00000000c4e00000, 0x00000000eaa80000)
  object space 79872K, 47% used [0x00000000c0000000,0x00000000c256f918,0x00000000c4e00000)
 PSPermGen       total 60928K, used 37857K [0x00000000b0000000, 0x00000000b3b80000, 0x00000000c0000000)
  object space 60928K, 62% used [0x00000000b0000000,0x00000000b24f8530,0x00000000b3b80000)
}
Event: 7.236 GC heap before
{Heap before GC invocations=10 (full 2):
 PSYoungGen      total 182784K, used 8026K [0x00000000eaa80000, 0x00000000fcc00000, 0x0000000100000000)
  eden space 174592K, 0% used [0x00000000eaa80000,0x00000000eaa80000,0x00000000f5500000)
  from space 8192K, 97% used [0x00000000fc400000,0x00000000fcbd6870,0x00000000fcc00000)
  to   space 20992K, 0% used [0x00000000fa300000,0x00000000fa300000,0x00000000fb780000)
 ParOldGen       total 79872K, used 38334K [0x00000000c0000000, 0x00000000c4e00000, 0x00000000eaa80000)
  object space 79872K, 47% used [0x00000000c0000000,0x00000000c256f918,0x00000000c4e00000)
 PSPermGen       total 60928K, used 37857K [0x00000000b0000000, 0x00000000b3b80000, 0x00000000c0000000)
  object space 60928K, 62% used [0x00000000b0000000,0x00000000b24f8530,0x00000000b3b80000)
Event: 7.463 GC heap after
Heap after GC invocations=10 (full 2):
 PSYoungGen      total 182784K, used 0K [0x00000000eaa80000, 0x00000000fcc00000, 0x0000000100000000)
  eden space 174592K, 0% used [0x00000000eaa80000,0x00000000eaa80000,0x00000000f5500000)
  from space 8192K, 0% used [0x00000000fc400000,0x00000000fc400000,0x00000000fcc00000)
  to   space 20992K, 0% used [0x00000000fa300000,0x00000000fa300000,0x00000000fb780000)
 ParOldGen       total 79872K, used 37479K [0x00000000c0000000, 0x00000000c4e00000, 0x00000000eaa80000)
  object space 79872K, 46% used [0x00000000c0000000,0x00000000c2499c20,0x00000000c4e00000)
 PSPermGen       total 74240K, used 37851K [0x00000000b0000000, 0x00000000b4880000, 0x00000000c0000000)
  object space 74240K, 50% used [0x00000000b0000000,0x00000000b24f6f28,0x00000000b4880000)
}
Event: 283.123 GC heap before
{Heap before GC invocations=11 (full 2):
 PSYoungGen      total 182784K, used 174592K [0x00000000eaa80000, 0x00000000fcc00000, 0x0000000100000000)
  eden space 174592K, 100% used [0x00000000eaa80000,0x00000000f5500000,0x00000000f5500000)
  from space 8192K, 0% used [0x00000000fc400000,0x00000000fc400000,0x00000000fcc00000)
  to   space 20992K, 0% used [0x00000000fa300000,0x00000000fa300000,0x00000000fb780000)
 ParOldGen       total 79872K, used 37479K [0x00000000c0000000, 0x00000000c4e00000, 0x00000000eaa80000)
  object space 79872K, 46% used [0x00000000c0000000,0x00000000c2499c20,0x00000000c4e00000)
 PSPermGen       total 74240K, used 44223K [0x00000000b0000000, 0x00000000b4880000, 0x00000000c0000000)
  object space 74240K, 59% used [0x00000000b0000000,0x00000000b2b2ff08,0x00000000b4880000)
Event: 283.148 GC heap after
Heap after GC invocations=11 (full 2):
 PSYoungGen      total 239616K, used 20874K [0x00000000eaa80000, 0x00000000fc480000, 0x0000000100000000)
  eden space 218624K, 0% used [0x00000000eaa80000,0x00000000eaa80000,0x00000000f8000000)
  from space 20992K, 99% used [0x00000000fa300000,0x00000000fb762ad0,0x00000000fb780000)
  to   space 13312K, 0% used [0x00000000fb780000,0x00000000fb780000,0x00000000fc480000)
 ParOldGen       total 79872K, used 37479K [0x00000000c0000000, 0x00000000c4e00000, 0x00000000eaa80000)
  object space 79872K, 46% used [0x00000000c0000000,0x00000000c2499c20,0x00000000c4e00000)
 PSPermGen       total 74240K, used 44223K [0x00000000b0000000, 0x00000000b4880000, 0x00000000c0000000)
  object space 74240K, 59% used [0x00000000b0000000,0x00000000b2b2ff08,0x00000000b4880000)
}

Deoptimization events (10 events):
Event: 283.846 Thread 0x000000000b30f000 Uncommon trap: reason=array_check action=maybe_recompile pc=0x0000000002b5efc0 method=java.util.ComparableTimSort.mergeLo(IIII)V @ 461
Event: 283.850 Thread 0x000000000b30f000 Uncommon trap: reason=array_check action=maybe_recompile pc=0x0000000002b544f8 method=java.util.ComparableTimSort.mergeHi(IIII)V @ 509
Event: 283.925 Thread 0x000000000b30f000 Uncommon trap: reason=array_check action=maybe_recompile pc=0x0000000002b547a4 method=java.util.ComparableTimSort.mergeHi(IIII)V @ 642
Event: 284.047 Thread 0x000000000b30f000 Uncommon trap: reason=array_check action=maybe_recompile pc=0x0000000002b5efc0 method=java.util.ComparableTimSort.mergeLo(IIII)V @ 461
Event: 284.335 Thread 0x000000000b30f000 Uncommon trap: reason=bimorphic action=maybe_recompile pc=0x0000000002afd068 method=java.util.regex.Pattern$Branch.study(Ljava/util/regex/Pattern$TreeInfo;)Z @ 57
Event: 284.335 Thread 0x000000000b30f000 Uncommon trap: reason=bimorphic action=maybe_recompile pc=0x0000000002afd068 method=java.util.regex.Pattern$Branch.study(Ljava/util/regex/Pattern$TreeInfo;)Z @ 57
Event: 284.381 Thread 0x000000000b30f000 Uncommon trap: reason=bimorphic action=maybe_recompile pc=0x0000000002af625c method=java.util.Collections.indexedBinarySearch(Ljava/util/List;Ljava/lang/Object;)I @ 39
Event: 284.381 Thread 0x000000000b30f000 Uncommon trap: reason=bimorphic action=maybe_recompile pc=0x0000000002af625c method=java.util.Collections.indexedBinarySearch(Ljava/util/List;Ljava/lang/Object;)I @ 39
Event: 284.382 Thread 0x000000000b30f000 Uncommon trap: reason=bimorphic action=maybe_recompile pc=0x0000000002af625c method=java.util.Collections.indexedBinarySearch(Ljava/util/List;Ljava/lang/Object;)I @ 39
Event: 284.382 Thread 0x000000000b30f000 Uncommon trap: reason=bimorphic action=maybe_recompile pc=0x0000000002af625c method=java.util.Collections.indexedBinarySearch(Ljava/util/List;Ljava/lang/Object;)I @ 39

Internal exceptions (10 events):
Event: 284.385 Thread 0x000000000b30f000 Threw 0x00000000f3f91588 at C:\re\jdk7u60\1081\hotspot\src\share\vm\prims\jvm.cpp:1244
Event: 284.385 Thread 0x000000000b30f000 Threw 0x00000000f3f91a70 at C:\re\jdk7u60\1081\hotspot\src\share\vm\classfile\systemDictionary.cpp:185
Event: 284.385 Thread 0x000000000b30f000 Threw 0x00000000f3f974d0 at C:\re\jdk7u60\1081\hotspot\src\share\vm\prims\jvm.cpp:1244
Event: 284.385 Thread 0x000000000b30f000 Threw 0x00000000f3f98608 at C:\re\jdk7u60\1081\hotspot\src\share\vm\prims\jvm.cpp:1244
Event: 284.385 Thread 0x000000000b30f000 Threw 0x00000000f3f99568 at C:\re\jdk7u60\1081\hotspot\src\share\vm\prims\jvm.cpp:1244
Event: 284.386 Thread 0x000000000b30f000 Threw 0x00000000f3fa2ce8 at C:\re\jdk7u60\1081\hotspot\src\share\vm\prims\jvm.cpp:1244
Event: 284.386 Thread 0x000000000b30f000 Threw 0x00000000f3fa31d8 at C:\re\jdk7u60\1081\hotspot\src\share\vm\classfile\systemDictionary.cpp:185
Event: 284.397 Thread 0x000000000b30f000 Threw 0x00000000f40dc078 at C:\re\jdk7u60\1081\hotspot\src\share\vm\prims\jvm.cpp:1244
Event: 284.397 Thread 0x000000000b30f000 Threw 0x00000000f40dcf08 at C:\re\jdk7u60\1081\hotspot\src\share\vm\prims\jvm.cpp:1244
Event: 284.397 Thread 0x000000000b30f000 Threw 0x00000000f40e6ae8 at C:\re\jdk7u60\1081\hotspot\src\share\vm\prims\jvm.cpp:1244

Events (10 events):
Event: 284.385 loading class 0x000000000efbc7f0
Event: 284.385 loading class 0x000000000efbc7f0 done
Event: 284.385 loading class 0x000000000efbc7f0
Event: 284.385 loading class 0x000000000efbc7f0 done
Event: 284.385 loading class 0x000000000efb9b50
Event: 284.385 loading class 0x000000000efb9b50 done
Event: 284.386 loading class 0x000000000efb9b50
Event: 284.386 loading class 0x000000000efb9b50 done
Event: 284.397 loading class 0x000000000be287c0
Event: 284.397 loading class 0x000000000be287c0 done


Dynamic libraries:
0x000000013faa0000 - 0x000000013fad3000 	C:\Program Files\Java\jdk1.7.0_60\bin\java.exe
0x00000000778e0000 - 0x0000000077a8b000 	C:\Windows\SYSTEM32\ntdll.dll
0x00000000777c0000 - 0x00000000778df000 	C:\Windows\system32\kernel32.dll
0x000007fefd8f0000 - 0x000007fefd95b000 	C:\Windows\system32\KERNELBASE.dll
0x000007feff350000 - 0x000007feff42b000 	C:\Windows\system32\ADVAPI32.dll
0x000007feff430000 - 0x000007feff4cf000 	C:\Windows\system32\msvcrt.dll
0x000007fefee70000 - 0x000007fefee8f000 	C:\Windows\SYSTEM32\sechost.dll
0x000007feff7e0000 - 0x000007feff90e000 	C:\Windows\system32\RPCRT4.dll
0x00000000776c0000 - 0x00000000777ba000 	C:\Windows\system32\USER32.dll
0x000007feff970000 - 0x000007feff9d7000 	C:\Windows\system32\GDI32.dll
0x000007feff910000 - 0x000007feff91e000 	C:\Windows\system32\LPK.dll
0x000007fefeda0000 - 0x000007fefee6a000 	C:\Windows\system32\USP10.dll
0x000007fefc070000 - 0x000007fefc264000 	C:\Windows\WinSxS\amd64_microsoft.windows.common-controls_6595b64144ccf1df_6.0.7600.16661_none_fa62ad231704eab7\COMCTL32.dll
0x000007feff630000 - 0x000007feff6a1000 	C:\Windows\system32\SHLWAPI.dll
0x000007fefee90000 - 0x000007fefeebe000 	C:\Windows\system32\IMM32.DLL
0x000007feff6b0000 - 0x000007feff7b9000 	C:\Windows\system32\MSCTF.dll
0x0000000074090000 - 0x0000000074162000 	C:\Program Files\Java\jdk1.7.0_60\jre\bin\msvcr100.dll
0x0000000067c60000 - 0x0000000068432000 	C:\Program Files\Java\jdk1.7.0_60\jre\bin\server\jvm.dll
0x000007fef83f0000 - 0x000007fef83f9000 	C:\Windows\system32\WSOCK32.dll
0x000007feff920000 - 0x000007feff96d000 	C:\Windows\system32\WS2_32.dll
0x000007fefdd40000 - 0x000007fefdd48000 	C:\Windows\system32\NSI.dll
0x000007fefb3f0000 - 0x000007fefb42b000 	C:\Windows\system32\WINMM.dll
0x0000000077aa0000 - 0x0000000077aa7000 	C:\Windows\system32\PSAPI.DLL
0x0000000075540000 - 0x000000007554f000 	C:\Program Files\Java\jdk1.7.0_60\jre\bin\verify.dll
0x0000000075510000 - 0x0000000075538000 	C:\Program Files\Java\jdk1.7.0_60\jre\bin\java.dll
0x0000000067b60000 - 0x0000000067b75000 	C:\Program Files\Java\jdk1.7.0_60\jre\bin\zip.dll
0x0000000069140000 - 0x0000000069159000 	C:\Program Files\Java\jdk1.7.0_60\jre\bin\net.dll
0x000007fefd0b0000 - 0x000007fefd104000 	C:\Windows\system32\mswsock.dll
0x000007fefd0a0000 - 0x000007fefd0a7000 	C:\Windows\System32\wship6.dll
0x0000000067b40000 - 0x0000000067b51000 	C:\Program Files\Java\jdk1.7.0_60\jre\bin\nio.dll
0x000007fefd110000 - 0x000007fefd127000 	C:\Windows\system32\CRYPTSP.dll
0x000007fefce10000 - 0x000007fefce57000 	C:\Windows\system32\rsaenh.dll
0x000007fefcb90000 - 0x000007fefcbae000 	C:\Windows\system32\USERENV.dll
0x000007fefd840000 - 0x000007fefd84f000 	C:\Windows\system32\profapi.dll
0x000007fefd770000 - 0x000007fefd77f000 	C:\Windows\system32\CRYPTBASE.dll
0x000007fefb110000 - 0x000007fefb137000 	C:\Windows\system32\IPHLPAPI.DLL
0x000007fefb0f0000 - 0x000007fefb0fb000 	C:\Windows\system32\WINNSI.DLL
0x000007fefaf00000 - 0x000007fefaf18000 	C:\Windows\system32\dhcpcsvc.DLL
0x000007fefaee0000 - 0x000007fefaef1000 	C:\Windows\system32\dhcpcsvc6.DLL
0x000007fef8490000 - 0x000007fef84a2000 	C:\Users\Ratik\AppData\Local\Temp\native-platform8279712064718596187dir\native-platform.dll
0x000007fefd710000 - 0x000007fefd767000 	C:\Windows\system32\apphelp.dll
0x000007fee8430000 - 0x000007fee8555000 	C:\Windows\system32\dbghelp.dll

VM Arguments:
jvm_args: -XX:MaxPermSize=256m -XX:+HeapDumpOnOutOfMemoryError -Xmx1024m -Dfile.encoding=windows-1252 
java_command: org.gradle.launcher.daemon.bootstrap.GradleDaemon 1.12 C:\Users\Ratik\.gradle\daemon 10800000 361695a2-b249-4553-a1e0-58ea8c11cd2c -XX:MaxPermSize=256m -XX:+HeapDumpOnOutOfMemoryError -Xmx1024m -Dfile.encoding=windows-1252
Launcher Type: SUN_STANDARD

Environment Variables:
JAVA_HOME=C:/Program Files/Java/jdk1.7.0_60
PATH=C:\Windows\system32;C:\Windows;C:\Windows\System32\Wbem;C:\Windows\System32\WindowsPowerShell\v1.0\;C:\Program Files (x86)\Intel\OpenCL SDK\2.0\bin\x86;C:\Program Files (x86)\Intel\OpenCL SDK\2.0\bin\x64;C:\Program Files (x86)\ATI Technologies\ATI.ACE\Core-Static;C:\Program Files (x86)\Git\cmd
USERNAME=Ratik
OS=Windows_NT
PROCESSOR_IDENTIFIER=Intel64 Family 6 Model 42 Stepping 7, GenuineIntel



---------------  S Y S T E M  ---------------

OS: Windows 7 , 64 bit Build 7600 

CPU:total 4 (4 cores per cpu, 1 threads per core) family 6 model 42 stepping 7, cmov, cx8, fxsr, mmx, sse, sse2, sse3, ssse3, sse4.1, sse4.2, popcnt, aes, tsc, tscinvbit

Memory: 4k page, physical 4138720k(1670992k free), swap 8275540k(4867896k free)

vm_info: Java HotSpot(TM) 64-Bit Server VM (24.60-b09) for windows-amd64 JRE (1.7.0_60-b19), built on May  7 2014 12:55:18 by "java_re" with unknown MS VC++:1600

time: Sun Aug 03 18:29:38 2014
elapsed time: 284 seconds

